<?xml version="1.0" encoding="UTF-8"?>
<!-- Generated by org.testng.reporters.JUnitXMLReporter -->
<testsuite ignored="0" hostname="INLEN8520036002" failures="0" tests="4" name="Test" time="20.896" errors="0" timestamp="2023-08-04T14:01:21 IST">
  <testcase classname="POM.TC_001Test" name="getlogin" time="1.545"/>
  <testcase classname="POM.TC_001Test" name="getlogin1" time="1.455"/>
  <testcase classname="POM.TC_001Test" name="getlogin2" time="1.511"/>
  <testcase classname="POM.TC_001Test" name="getlogin3" time="2.07"/>
</testsuite> <!-- Test -->
