<?xml version="1.0" encoding="UTF-8"?>
<testng-results ignored="0" total="1" passed="1" failed="0" skipped="0">
  <reporter-output>
  </reporter-output>
  <suite started-at="2023-08-01T10:30:29 IST" name="Default suite" finished-at="2023-08-01T10:30:36 IST" duration-ms="7012">
    <groups>
    </groups>
    <test started-at="2023-08-01T10:30:29 IST" name="Default test" finished-at="2023-08-01T10:30:36 IST" duration-ms="7012">
      <class name="POM.TC_001">
        <test-method is-config="true" signature="loadprop()[pri:0, instance:POM.TC_001@448c8166]" started-at="2023-08-01T10:30:29 IST" name="loadprop" finished-at="2023-08-01T10:30:34 IST" duration-ms="5491" status="PASS">
          <reporter-output>
          </reporter-output>
        </test-method> <!-- loadprop -->
        <test-method signature="getlogin()[pri:0, instance:POM.TC_001@448c8166]" started-at="2023-08-01T10:30:34 IST" name="getlogin" finished-at="2023-08-01T10:30:36 IST" duration-ms="1477" status="PASS">
          <reporter-output>
          </reporter-output>
        </test-method> <!-- getlogin -->
      </class> <!-- POM.TC_001 -->
    </test> <!-- Default test -->
  </suite> <!-- Default suite -->
</testng-results>
